2025-05-14 22:28:25,405 - INFO - Successfully connected to Binance Futures Testnet
2025-05-14 22:28:25,406 - INFO - API Request: POST /fapi/v1/order | Params: {'symbol': 'BTCUSDT', 'side': 'BUY', 'type': 'MARKET', 'quantity': 0.004}
2025-05-14 22:28:25,890 - INFO - API Response: {'orderId': 4427163852, 'symbol': 'BTCUSDT', 'status': 'NEW', 'clientOrderId': 'GCitu53qFn42WUjVlvW7kd', 'price': '0.00', 'avgPrice': '0.00', 'origQty': '0.004', 'executedQty': '0.000', 'cumQty': '0.000', 'cumQuote': '0.00000', 'timeInForce': 'GTC', 'type': 'MARKET', 'reduceOnly': False, 'closePosition': False, 'side': 'BUY', 'positionSide': 'BOTH', 'stopPrice': '0.00', 'workingType': 'CONTRACT_PRICE', 'priceProtect': False, 'origType': 'MARKET', 'priceMatch': 'NONE', 'selfTradePreventionMode': 'EXPIRE_MAKER', 'goodTillDate': 0, 'updateTime': 1747241905932}
2025-05-14 22:28:47,013 - INFO - Successfully connected to Binance Futures Testnet
2025-05-14 22:28:47,014 - INFO - API Request: POST /fapi/v1/order | Params: {'symbol': 'BTCUSDT', 'side': 'SELL', 'type': 'MARKET', 'quantity': 0.004}
2025-05-14 22:28:47,570 - INFO - API Response: {'orderId': 4427164391, 'symbol': 'BTCUSDT', 'status': 'NEW', 'clientOrderId': 'CJRIqtOssDD1nTPYAtZRfB', 'price': '0.00', 'avgPrice': '0.00', 'origQty': '0.004', 'executedQty': '0.000', 'cumQty': '0.000', 'cumQuote': '0.00000', 'timeInForce': 'GTC', 'type': 'MARKET', 'reduceOnly': False, 'closePosition': False, 'side': 'SELL', 'positionSide': 'BOTH', 'stopPrice': '0.00', 'workingType': 'CONTRACT_PRICE', 'priceProtect': False, 'origType': 'MARKET', 'priceMatch': 'NONE', 'selfTradePreventionMode': 'EXPIRE_MAKER', 'goodTillDate': 0, 'updateTime': 1747241927603}
2025-05-14 22:28:59,196 - INFO - Successfully connected to Binance Futures Testnet
2025-05-14 22:28:59,197 - INFO - API Request: POST /fapi/v1/order | Params: {'symbol': 'BTCUSDT', 'side': 'BUY', 'type': 'LIMIT', 'quantity': 0.004, 'price': 50000.0}
2025-05-14 22:28:59,686 - INFO - API Response: {'orderId': 4427164981, 'symbol': 'BTCUSDT', 'status': 'NEW', 'clientOrderId': 'oqPnI1rhq3UXKXk6AyXFi8', 'price': '50000.00', 'avgPrice': '0.00', 'origQty': '0.004', 'executedQty': '0.000', 'cumQty': '0.000', 'cumQuote': '0.00000', 'timeInForce': 'GTC', 'type': 'LIMIT', 'reduceOnly': False, 'closePosition': False, 'side': 'BUY', 'positionSide': 'BOTH', 'stopPrice': '0.00', 'workingType': 'CONTRACT_PRICE', 'priceProtect': False, 'origType': 'LIMIT', 'priceMatch': 'NONE', 'selfTradePreventionMode': 'EXPIRE_MAKER', 'goodTillDate': 0, 'updateTime': 1747241939726}
2025-05-14 22:29:34,993 - INFO - Successfully connected to Binance Futures Testnet
2025-05-14 22:29:34,994 - INFO - API Request: POST /fapi/v1/order | Params: {'symbol': 'BTCUSDT', 'side': 'SELL', 'type': 'LIMIT', 'quantity': 0.004, 'price': 52000.0}
2025-05-14 22:29:35,488 - INFO - API Response: {'orderId': 4427166345, 'symbol': 'BTCUSDT', 'status': 'NEW', 'clientOrderId': 'Oej9LfteARaCNtlaQUTjlR', 'price': '52000.00', 'avgPrice': '0.00', 'origQty': '0.004', 'executedQty': '0.000', 'cumQty': '0.000', 'cumQuote': '0.00000', 'timeInForce': 'GTC', 'type': 'LIMIT', 'reduceOnly': False, 'closePosition': False, 'side': 'SELL', 'positionSide': 'BOTH', 'stopPrice': '0.00', 'workingType': 'CONTRACT_PRICE', 'priceProtect': False, 'origType': 'LIMIT', 'priceMatch': 'NONE', 'selfTradePreventionMode': 'EXPIRE_MAKER', 'goodTillDate': 0, 'updateTime': 1747241975529}
2025-05-14 22:30:26,891 - INFO - Successfully connected to Binance Futures Testnet
2025-05-14 22:30:26,892 - INFO - API Request: POST /fapi/v1/order | Params: {'symbol': 'BTCUSDT', 'side': 'SELL', 'type': 'STOP', 'quantity': 0.004, 'price': 50000.0, 'stopPrice': 50500.0}
2025-05-14 22:30:27,388 - INFO - API Response: {'orderId': 4427168128, 'symbol': 'BTCUSDT', 'status': 'NEW', 'clientOrderId': 'MvW4WjxRtaTom1isTJrKZp', 'price': '50000.00', 'avgPrice': '0.00', 'origQty': '0.004', 'executedQty': '0.000', 'cumQty': '0.000', 'cumQuote': '0.00000', 'timeInForce': 'GTC', 'type': 'STOP', 'reduceOnly': False, 'closePosition': False, 'side': 'SELL', 'positionSide': 'BOTH', 'stopPrice': '50500.00', 'workingType': 'CONTRACT_PRICE', 'priceProtect': False, 'origType': 'STOP', 'priceMatch': 'NONE', 'selfTradePreventionMode': 'EXPIRE_MAKER', 'goodTillDate': 0, 'updateTime': 1747242027431}
2025-05-14 22:30:36,782 - INFO - Successfully connected to Binance Futures Testnet
2025-05-14 22:30:36,783 - INFO - API Request: POST /fapi/v1/order | Params: {'symbol': 'BTCUSDT', 'side': 'BUY', 'type': 'STOP', 'quantity': 0.004, 'price': 53000.0, 'stopPrice': 52500.0}

2025-05-14 22:33:49,019 - INFO - Successfully connected to Binance Futures Testnet
2025-05-14 22:33:49,020 - INFO - API Request: POST /fapi/v1/order | Params: {'symbol': 'BTCUSDT', 'side': 'BUY', 'type': 'STOP', 'quantity': 0.004, 'price': 53500.0, 'stopPrice': 53200.0}
2025-05-14 22:33:49,275 - ERROR - Error: Stop-limit order failed: APIError(code=-2021): Order would immediately trigger.
2025-05-14 22:33:49,276 - ERROR - Error: Stop-limit order failed: APIError(code=-2021): Order would immediately trigger.
